<?xml version="1.0" encoding="UTF-8"?>
<!-- Generated by org.testng.reporters.JUnitXMLReporter -->
<testsuite ignored="0" hostname="Mukeshs-MacBook-Air-2.local" failures="1" tests="1" name="Test" time="17.011" errors="0" timestamp="2023-06-08T08:56:16 IST">
  <testcase classname="com.learnautomatiom.testcases.LoginTest" name="loginToApp" time="5.854">
    <failure type="java.lang.AssertionError" message="Error messages is displayed as expected expected [true] but found [false]">
      <![CDATA[java.lang.AssertionError: Error messages is displayed as expected expected [true] but found [false]
at com.learnautomatiom.testcases.LoginTest.loginToApp(LoginTest.java:23)
at java.base/java.util.ArrayList.forEach(ArrayList.java:1511)
... Removed 30 stack frames]]>
    </failure>
  </testcase> <!-- loginToApp -->
</testsuite> <!-- Test -->
