<?xml version="1.0" encoding="UTF-8"?>
<testng-results ignored="0" total="1" passed="1" failed="0" skipped="0">
  <reporter-output>
  </reporter-output>
  <suite started-at="2023-06-16T07:57:42 IST" name="Suite" finished-at="2023-06-16T07:57:53 IST" duration-ms="10639">
    <groups>
    </groups>
    <test started-at="2023-06-16T07:57:42 IST" name="Test" finished-at="2023-06-16T07:57:53 IST" duration-ms="10639">
      <class name="com.learnautomatiom.testcases.SmokeTest">
        <test-method is-config="true" signature="setupApplication()[pri:0, instance:com.learnautomatiom.testcases.SmokeTest@4e423aa2]" started-at="2023-06-16T07:57:42 IST" name="setupApplication" finished-at="2023-06-16T07:57:53 IST" duration-ms="10166" status="PASS">
          <reporter-output>
          </reporter-output>
        </test-method> <!-- setupApplication -->
        <test-method signature="verifyURL()[pri:0, instance:com.learnautomatiom.testcases.SmokeTest@4e423aa2]" started-at="2023-06-16T07:57:53 IST" name="verifyURL" finished-at="2023-06-16T07:57:53 IST" duration-ms="299" status="PASS">
          <reporter-output>
          </reporter-output>
        </test-method> <!-- verifyURL -->
        <test-method is-config="true" signature="tearDown()[pri:0, instance:com.learnautomatiom.testcases.SmokeTest@4e423aa2]" started-at="2023-06-16T07:57:53 IST" name="tearDown" finished-at="2023-06-16T07:57:53 IST" duration-ms="114" status="PASS">
          <reporter-output>
          </reporter-output>
        </test-method> <!-- tearDown -->
      </class> <!-- com.learnautomatiom.testcases.SmokeTest -->
    </test> <!-- Test -->
  </suite> <!-- Suite -->
</testng-results>
